<?xml version="1.0" encoding="UTF-8"?>
<testsuite xmlns:xsi="http://www.w3.org/2001/XMLSchema-instance" xsi:noNamespaceSchemaLocation="https://maven.apache.org/surefire/maven-surefire-plugin/xsd/surefire-test-report-3.0.xsd" version="3.0" name="com.example.selenium.E2ETest" time="4.345" tests="1" errors="0" skipped="0" failures="0">
  <properties>
[...]
</properties>
  <testcase name="Test" classname="com.example.selenium.E2ETest" time="4.046">
    <system-err><![CDATA[SLF4J: No SLF4J providers were found.
SLF4J: Defaulting to no-operation (NOP) logger implementation
SLF4J: See https://www.slf4j.org/codes.html#noProviders for further details.
1686049443901	geckodriver	INFO	Listening on 127.0.0.1:13805
1686049444114	mozrunner::runner	INFO	Running command: "C:\\Program Files\\Mozilla Firefox\\firefox.exe" "--marionette" "--remote-debugging-port" "25441" "--remote ... localhost:25441/,http://[::1]:25441/" "-no-remote" "-profile" "C:\\Users\\4harm\\AppData\\Local\\Temp\\rust_mozprofile5IvZmh"
console.warn: services.settings: Ignoring preference override of remote settings server
console.warn: services.settings: Allow by setting MOZ_REMOTE_SETTINGS_DEVTOOLS=1 in the environment
1686049444390	Marionette	INFO	Marionette enabled
Dynamically enable window occlusion 0
1686049444394	Marionette	INFO	Listening on port 64002
Read port: 64002
WebDriver BiDi listening on ws://127.0.0.1:25441
1686049444520	RemoteAgent	WARN	TLS certificate errors will be ignored for this session
[ERROR glean_core] Error setting metrics feature config: Json(Error("EOF while parsing a value", line: 1, column: 0))
DevTools listening on ws://127.0.0.1:25441/devtools/browser/ce9b2c27-c9aa-453a-94a7-79936c46f469
1686049447038	RemoteAgent	INFO	Perform WebSocket upgrade for incoming connection from 127.0.0.1:64039
1686049447040	CDP	WARN	Invalid browser preferences for CDP. Set "fission.webContentIsolationStrategy"to 0 and "fission.bfcacheInParent" to false before Firefox starts.
1686049447061	Marionette	INFO	Stopped listening on port 64002
[Child 9796, Main Thread] WARNING: JSWindowActorChild::SendRawMessage (Conduits, ConduitClosed) not sent: !CanSend() || !mManager || !mManager->CanSend(): file /builds/worker/checkouts/gecko/dom/ipc/jsactor/JSWindowActorChild.cpp:57
[Child 9796, Main Thread] WARNING: JSWindowActorChild::SendRawMessage (Conduits, ConduitClosed) not sent: !CanSend() || !mManager || !mManager->CanSend(): file /builds/worker/checkouts/gecko/dom/ipc/jsactor/JSWindowActorChild.cpp:57
[Child 9796, Main Thread] WARNING: JSWindowActorChild::SendRawMessage (Conduits, ConduitClosed) not sent: !CanSend() || !mManager || !mManager->CanSend(): file /builds/worker/checkouts/gecko/dom/ipc/jsactor/JSWindowActorChild.cpp:57
[Child 9796, Main Thread] WARNING: JSWindowActorChild::SendRawMessage (Conduits, ConduitClosed) not sent: !CanSend() || !mManager || !mManager->CanSend(): file /builds/worker/checkouts/gecko/dom/ipc/jsactor/JSWindowActorChild.cpp:57
[Child 9796, Main Thread] WARNING: JSWindowActorChild::SendRawMessage (Conduits, ConduitClosed) not sent: !CanSend() || !mManager || !mManager->CanSend(): file /builds/worker/checkouts/gecko/dom/ipc/jsactor/JSWindowActorChild.cpp:57
[Child 9796, Main Thread] WARNING: JSWindowActorChild::SendRawMessage (Conduits, ConduitClosed) not sent: !CanSend() || !mManager || !mManager->CanSend(): file /builds/worker/checkouts/gecko/dom/ipc/jsactor/JSWindowActorChild.cpp:57
[Child 9796, Main Thread] WARNING: JSWindowActorChild::SendRawMessage (Conduits, ConduitClosed) not sent: !CanSend() || !mManager || !mManager->CanSend(): file /builds/worker/checkouts/gecko/dom/ipc/jsactor/JSWindowActorChild.cpp:57
[Child 9796, Main Thread] WARNING: JSWindowActorChild::SendRawMessage (Conduits, ConduitClosed) not sent: !CanSend() || !mManager || !mManager->CanSend(): file /builds/worker/checkouts/gecko/dom/ipc/jsactor/JSWindowActorChild.cpp:57
Dynamically enable window occlusion 1
console.error: "DEPRECATION WARNING: Calling FileUtils.getDir(..., ..., true) causes main thread I/O and should be avoided especially during startup/shutdown\nYou may find more details about this deprecation at: https://bugzilla.mozilla.org/show_bug.cgi?id=921157\nresource://gre/modules/FileUtils.sys.mjs 62 FileUtils_getDir\nresource://gre/modules/UpdateService.sys.mjs 1056 getUpdateDirCreate\nresource://gre/modules/UpdateService.sys.mjs 1095 getUpdateFile\nresource://gre/modules/UpdateService.sys.mjs 4449 UM__loadXMLFileIntoArray\nresource://gre/modules/UpdateService.sys.mjs 4282 UpdateManager\nresource:///modules/UrlbarProviderSearchTips.sys.mjs 37 null\nresource:///modules/UrlbarProviderSearchTips.sys.mjs 618 lastBrowserUpdateDate\nresource:///modules/UrlbarProviderSearchTips.sys.mjs 437 _maybeShowTipForUrl\n"
console.error: "DEPRECATION WARNING: Calling FileUtils.getDir(..., ..., true) causes main thread I/O and should be avoided especially during startup/shutdown\nYou may find more details about this deprecation at: https://bugzilla.mozilla.org/show_bug.cgi?id=921157\nresource://gre/modules/FileUtils.sys.mjs 62 FileUtils_getDir\nresource://gre/modules/UpdateService.sys.mjs 1056 getUpdateDirCreate\nresource://gre/modules/UpdateService.sys.mjs 1095 getUpdateFile\nresource://gre/modules/UpdateService.sys.mjs 4449 UM__loadXMLFileIntoArray\nresource://gre/modules/UpdateService.sys.mjs 4543 _getUpdates\nresource://gre/modules/UpdateService.sys.mjs 4559 getUpdateCount\nresource:///modules/UrlbarProviderSearchTips.sys.mjs 618 lastBrowserUpdateDate\nresource:///modules/UrlbarProviderSearchTips.sys.mjs 437 _maybeShowTipForUrl\n"
]]></system-err>
  </testcase>
</testsuite>